
Showing logs for build [32mentando-app-builder-pr-1077-pr-zckhn-3[0m stage [32mfrom-build-pack[0m and container [32mcredential-initializer[0m
{"level":"info","ts":1621953505.2073152,"caller":"creds-init/main.go:44","msg":"Credentials initialized."}

Showing logs for build [32mentando-app-builder-pr-1077-pr-zckhn-3[0m stage [32mfrom-build-pack[0m and container [32mworking-dir-initializer[0m

Showing logs for build [32mentando-app-builder-pr-1077-pr-zckhn-3[0m stage [32mfrom-build-pack[0m and container [32mplace-tools[0m

Showing logs for build [32mentando-app-builder-pr-1077-pr-zckhn-3[0m stage [32mfrom-build-pack[0m and container [32mstep-git-source-entando-app-builder-pr-1077-pr-zckhn-mbnk7[0m
{"level":"info","ts":1621953626.5531323,"caller":"git/git.go:105","msg":"Successfully cloned https://github.com/entando/app-builder.git @ master in path /workspace/source"}
{"level":"warn","ts":1621953626.5534494,"caller":"git/git.go:152","msg":"Unexpected error: creating symlink: symlink /tekton/home/.ssh /****/.ssh: file exists"}
{"level":"info","ts":1621953626.6014485,"caller":"git/git.go:133","msg":"Successfully initialized and updated submodules in path /workspace/source"}

Showing logs for build [32mentando-app-builder-pr-1077-pr-zckhn-3[0m stage [32mfrom-build-pack[0m and container [32mstep-setup-builder-home[0m

Showing logs for build [32mentando-app-builder-pr-1077-pr-zckhn-3[0m stage [32mfrom-build-pack[0m and container [32mstep-git-merge[0m
Using SHAs from PULL_REFS=master:0f65fe50a2ea3d01440cf479aa334657c70f20ab,1077:cbfe4f05097310a10e9daa9e7635e68e2cd5b79a
DEBUG: LC_ALL=C JX_LOG_LEVEL=error git fetch origin --unshallow cbfe4f05097310a10e9daa9e7635e68e2cd5b79a: 0f65fe50a2ea3d01440cf479aa334657c70f20ab:
DEBUG: ran git fetch --unshallow origin cbfe4f05097310a10e9daa9e7635e68e2cd5b79a: 0f65fe50a2ea3d01440cf479aa334657c70f20ab: in 
DEBUG: LC_ALL=C JX_LOG_LEVEL=error git branch
DEBUG: LC_ALL=C JX_LOG_LEVEL=error git checkout master
DEBUG: ran git checkout master in 
DEBUG: LC_ALL=C JX_LOG_LEVEL=error git reset --hard 0f65fe50a2ea3d01440cf479aa334657c70f20ab
DEBUG: ran git reset --hard 0f65fe50a2ea3d01440cf479aa334657c70f20ab in 
DEBUG: JX_LOG_LEVEL=error LC_ALL=C git clean -fd .
DEBUG: ran clean --force -d . in 
DEBUG: LC_ALL=C JX_LOG_LEVEL=error git merge cbfe4f05097310a10e9daa9e7635e68e2cd5b79a
DEBUG: ran git merge cbfe4f05097310a10e9daa9e7635e68e2cd5b79a in 
DEBUG: LC_ALL=C JX_LOG_LEVEL=error git log --format=%H%x1f%an%x1f%ae%x1f%cn%x1f%ce%x1f%s%n%b%x1e 0f65fe50a2ea3d01440cf479aa334657c70f20ab..HEAD
Merged SHA 84303d5744bc03d0592c4ea7736633a613b0f2ad with commit message 'Merge commit 'cbfe4f05097310a10e9daa9e7635e68e2cd5b79a'' into base branch master
Merged SHA cbfe4f05097310a10e9daa9e7635e68e2cd5b79a with commit message 'parse json if required' into base branch master
Merged SHA ca19030ed3ff099e2c600d2fb2475feedb0c41b6 with commit message 'removing OK button on readonly mode' into base branch master
Merged SHA fd4587979776fafd77fbfd62f9c800d36c38a85b with commit message 'fixing install plan save process and readonly modal' into base branch master

Showing logs for build [32mentando-app-builder-pr-1077-pr-zckhn-3[0m stage [32mfrom-build-pack[0m and container [32mstep-build-npm-install[0m

> husky@1.3.1 install /workspace/source/node_modules/husky
> node husky install

husky > setting up git hooks
CI detected, skipping Git hooks installation.

> node-sass@4.13.1 install /workspace/source/node_modules/node-sass
> node scripts/install.js

Downloading binary from https://github.com/sass/node-sass/releases/download/v4.13.1/linux-x64-72_binding.node
Download complete
Binary saved to /workspace/source/node_modules/node-sass/vendor/linux-x64-72/binding.node
Caching binary to /tekton/home/.npm/node-sass/4.13.1/linux-x64-72_binding.node

> core-js@2.6.9 postinstall /workspace/source/node_modules/core-js
> node scripts/postinstall || echo "ignore"

[96mThank you for using core-js ([94m https://github.com/zloirock/core-js [96m) for polyfilling JavaScript standard library![0m

[96mThe project needs your help! Please consider supporting of core-js on Open Collective or Patreon: [0m
[96m>[94m https://opencollective.com/core-js [0m
[96m>[94m https://www.patreon.com/zloirock [0m

[96mAlso, the author of core-js ([94m https://github.com/zloirock [96m) is looking for a good job -)[0m


> core-js-pure@3.7.0 postinstall /workspace/source/node_modules/core-js-pure
> node -e "try{require('./postinstall')}catch(e){}"


> ejs@2.7.4 postinstall /workspace/source/node_modules/ejs
> node ./postinstall.js

Thank you for installing [35mEJS[0m: built with the [32mJake[0m JavaScript build tool ([32mhttps://jakejs.com/[0m)


> cypress@4.10.0 postinstall /workspace/source/node_modules/cypress
> node index.js --e**c install

Installing Cypress (version: 4.10.0)

[?25l[14:41:20]  Downloading Cypress     [started]
[14:41:23]  Downloading Cypress     [completed]
[14:41:23]  Unzipping Cypress       [started]
[14:41:32]  Unzipping Cypress       [completed]
[14:41:32]  Finishing Installation  [started]
[14:41:32]  Finishing Installation  [completed]
[?25h
You can now open Cypress by running: node_modules/.bin/cypress open

https://on.cypress.io/installing-cypress

[?25h
> node-sass@4.13.1 postinstall /workspace/source/node_modules/node-sass
> node scripts/build.js

Binary found at /workspace/source/node_modules/node-sass/vendor/linux-x64-72/binding.node
Testing binary
Binary is fine

> styled-components@4.4.1 postinstall /workspace/source/node_modules/styled-components
> node ./scripts/postinstall.js || exit 0

Use styled-components at work? Consider supporting our development efforts at https://opencollective.com/styled-components
npm WARN The package whatwg-fetch is included as both a dev and production dependency.
npm WARN optional SKIPPING OPTIONAL DEPENDENCY: fsevents@1.2.9 (node_modules/fsevents):
npm WARN notsup SKIPPING OPTIONAL DEPENDENCY: Unsupported platform for fsevents@1.2.9: wanted {"os":"darwin","arch":"any"} (current: {"os":"linux","arch":"x64"})

added 2380 packages from 1900 contributors and audited 2390 packages in 63.665s

52 packages are looking for funding
  run `npm fund` for details

found 1445 vulnerabilities (890 low, 91 moderate, 464 high)
  run `npm audit fix` to fix them, or `npm audit` for details

Showing logs for build [32mentando-app-builder-pr-1077-pr-zckhn-3[0m stage [32mfrom-build-pack[0m and container [32mstep-build-npm-test[0m

> app-builder@6.3.2 precommit /workspace/source
> npm run lint && npm run sass-lint && npm run coverage


> app-builder@6.3.2 lint /workspace/source
> eslint ./src


/workspace/source/src/state/component-repository/components/actions.js
  341:1   error  Expected indentation of 12 spaces but found 14  indent
  342:1   error  Expected indentation of 12 spaces but found 14  indent
  343:1   error  Expected indentation of 12 spaces but found 14  indent
  344:1   error  Expected indentation of 12 spaces but found 14  indent
  344:88  error  Trailing spaces not allowed                     no-trailing-spaces

/workspace/source/src/ui/fragments/list/FragmentSearchForm.js
  55:5  warning  Unexpected console statement  no-console
  57:5  warning  Unexpected console statement  no-console
  59:5  warning  Unexpected console statement  no-console
  87:5  warning  Unexpected console statement  no-console
  88:5  warning  Unexpected console statement  no-console

âœ– 10 problems (5 errors, 5 warnings)
  5 errors, 0 warnings potentially fixable with the `--fix` option.

npm ERR! code ELIFECYCLE
npm ERR! errno 1
npm ERR! app-builder@6.3.2 lint: `eslint ./src`
npm ERR! Exit status 1
npm ERR! 
npm ERR! Failed at the app-builder@6.3.2 lint script.
npm ERR! This is probably not a problem with npm. There is likely additional logging output above.

npm ERR! A complete log of this run can be found in:
npm ERR!     /tekton/home/.npm/_logs/2021-05-25T14_42_29_356Z-debug.log
npm ERR! code ELIFECYCLE
npm ERR! errno 1
npm ERR! app-builder@6.3.2 precommit: `npm run lint && npm run sass-lint && npm run coverage`
npm ERR! Exit status 1
npm ERR! 
npm ERR! Failed at the app-builder@6.3.2 precommit script.
npm ERR! This is probably not a problem with npm. There is likely additional logging output above.

npm ERR! A complete log of this run can be found in:
npm ERR!     /tekton/home/.npm/_logs/2021-05-25T14_42_29_374Z-debug.log
[31m
Pipeline failed on stage 'from-build-pack' : container 'step-build-npm-test'. The execution of the pipeline has stopped.[0m
