
Showing logs for build [32mentando-app-builder-pr-1077-pr-rzsmx-6[0m stage [32mfrom-build-pack[0m and container [32mcredential-initializer[0m
{"level":"info","ts":1621985516.5769463,"caller":"creds-init/main.go:44","msg":"Credentials initialized."}

Showing logs for build [32mentando-app-builder-pr-1077-pr-rzsmx-6[0m stage [32mfrom-build-pack[0m and container [32mworking-dir-initializer[0m

Showing logs for build [32mentando-app-builder-pr-1077-pr-rzsmx-6[0m stage [32mfrom-build-pack[0m and container [32mplace-tools[0m

Showing logs for build [32mentando-app-builder-pr-1077-pr-rzsmx-6[0m stage [32mfrom-build-pack[0m and container [32mstep-git-source-entando-app-builder-pr-1077-pr-rzsmx-vdr8m[0m
{"level":"info","ts":1621985539.2462902,"caller":"git/git.go:105","msg":"Successfully cloned https://github.com/entando/app-builder.git @ master in path /workspace/source"}
{"level":"warn","ts":1621985539.2465286,"caller":"git/git.go:152","msg":"Unexpected error: creating symlink: symlink /tekton/home/.ssh /****/.ssh: file exists"}
{"level":"info","ts":1621985539.2945302,"caller":"git/git.go:133","msg":"Successfully initialized and updated submodules in path /workspace/source"}

Showing logs for build [32mentando-app-builder-pr-1077-pr-rzsmx-6[0m stage [32mfrom-build-pack[0m and container [32mstep-setup-builder-home[0m

Showing logs for build [32mentando-app-builder-pr-1077-pr-rzsmx-6[0m stage [32mfrom-build-pack[0m and container [32mstep-git-merge[0m
Using SHAs from PULL_REFS=master:4ec7ce68b7692652ae8e0934d623ff576011bd8c,1077:bda2b3bb8ac40a2c15d707917920bbaa67b9a1fd
DEBUG: LC_ALL=C JX_LOG_LEVEL=error git fetch origin --unshallow bda2b3bb8ac40a2c15d707917920bbaa67b9a1fd: 4ec7ce68b7692652ae8e0934d623ff576011bd8c:
DEBUG: ran git fetch --unshallow origin bda2b3bb8ac40a2c15d707917920bbaa67b9a1fd: 4ec7ce68b7692652ae8e0934d623ff576011bd8c: in 
DEBUG: JX_LOG_LEVEL=error LC_ALL=C git branch
DEBUG: LC_ALL=C JX_LOG_LEVEL=error git checkout master
DEBUG: ran git checkout master in 
DEBUG: LC_ALL=C JX_LOG_LEVEL=error git reset --hard 4ec7ce68b7692652ae8e0934d623ff576011bd8c
DEBUG: ran git reset --hard 4ec7ce68b7692652ae8e0934d623ff576011bd8c in 
DEBUG: LC_ALL=C JX_LOG_LEVEL=error git clean -fd .
DEBUG: ran clean --force -d . in 
DEBUG: LC_ALL=C JX_LOG_LEVEL=error git merge bda2b3bb8ac40a2c15d707917920bbaa67b9a1fd
DEBUG: ran git merge bda2b3bb8ac40a2c15d707917920bbaa67b9a1fd in 
DEBUG: LC_ALL=C JX_LOG_LEVEL=error git log --format=%H%x1f%an%x1f%ae%x1f%cn%x1f%ce%x1f%s%n%b%x1e 4ec7ce68b7692652ae8e0934d623ff576011bd8c..HEAD
Merged SHA b69825cf1dfce2971dc774d5646ed121d0698cf2 with commit message 'Merge commit 'bda2b3bb8ac40a2c15d707917920bbaa67b9a1fd'' into base branch master
Merged SHA bda2b3bb8ac40a2c15d707917920bbaa67b9a1fd with commit message 'fixing eslint issue' into base branch master
Merged SHA bfc125f6dc9954770265c982543f1fd9a2520f8d with commit message 'fixing broken test' into base branch master
Merged SHA 2556d804304d4b37a1dab65ff69fdb10018a2541 with commit message 'fixing IT label' into base branch master
Merged SHA cbfe4f05097310a10e9daa9e7635e68e2cd5b79a with commit message 'parse json if required' into base branch master
Merged SHA ca19030ed3ff099e2c600d2fb2475feedb0c41b6 with commit message 'removing OK button on readonly mode' into base branch master
Merged SHA fd4587979776fafd77fbfd62f9c800d36c38a85b with commit message 'fixing install plan save process and readonly modal' into base branch master

Showing logs for build [32mentando-app-builder-pr-1077-pr-rzsmx-6[0m stage [32mfrom-build-pack[0m and container [32mstep-build-npm-install[0m

> husky@1.3.1 install /workspace/source/node_modules/husky
> node husky install

husky > setting up git hooks
CI detected, skipping Git hooks installation.

> node-sass@4.13.1 install /workspace/source/node_modules/node-sass
> node scripts/install.js

Downloading binary from https://github.com/sass/node-sass/releases/download/v4.13.1/linux-x64-72_binding.node
Download complete
Binary saved to /workspace/source/node_modules/node-sass/vendor/linux-x64-72/binding.node
Caching binary to /tekton/home/.npm/node-sass/4.13.1/linux-x64-72_binding.node

> core-js@2.6.9 postinstall /workspace/source/node_modules/core-js
> node scripts/postinstall || echo "ignore"

[96mThank you for using core-js ([94m https://github.com/zloirock/core-js [96m) for polyfilling JavaScript standard library![0m

[96mThe project needs your help! Please consider supporting of core-js on Open Collective or Patreon: [0m
[96m>[94m https://opencollective.com/core-js [0m
[96m>[94m https://www.patreon.com/zloirock [0m

[96mAlso, the author of core-js ([94m https://github.com/zloirock [96m) is looking for a good job -)[0m


> core-js-pure@3.7.0 postinstall /workspace/source/node_modules/core-js-pure
> node -e "try{require('./postinstall')}catch(e){}"


> ejs@2.7.4 postinstall /workspace/source/node_modules/ejs
> node ./postinstall.js

Thank you for installing [35mEJS[0m: built with the [32mJake[0m JavaScript build tool ([32mhttps://jakejs.com/[0m)


> cypress@4.10.0 postinstall /workspace/source/node_modules/cypress
> node index.js --e**c install

Installing Cypress (version: 4.10.0)

[?25l[23:33:11]  Downloading Cypress     [started]
[23:33:15]  Downloading Cypress     [completed]
[23:33:15]  Unzipping Cypress       [started]
[23:33:23]  Unzipping Cypress       [completed]
[23:33:23]  Finishing Installation  [started]
[23:33:23]  Finishing Installation  [completed]
[?25h
You can now open Cypress by running: node_modules/.bin/cypress open

https://on.cypress.io/installing-cypress

[?25h
> node-sass@4.13.1 postinstall /workspace/source/node_modules/node-sass
> node scripts/build.js

Binary found at /workspace/source/node_modules/node-sass/vendor/linux-x64-72/binding.node
Testing binary
Binary is fine

> styled-components@4.4.1 postinstall /workspace/source/node_modules/styled-components
> node ./scripts/postinstall.js || exit 0

Use styled-components at work? Consider supporting our development efforts at https://opencollective.com/styled-components
npm WARN The package whatwg-fetch is included as both a dev and production dependency.
npm WARN optional SKIPPING OPTIONAL DEPENDENCY: fsevents@1.2.9 (node_modules/fsevents):
npm WARN notsup SKIPPING OPTIONAL DEPENDENCY: Unsupported platform for fsevents@1.2.9: wanted {"os":"darwin","arch":"any"} (current: {"os":"linux","arch":"x64"})

added 2380 packages from 1900 contributors and audited 2390 packages in 63.738s

52 packages are looking for funding
  run `npm fund` for details

found 1445 vulnerabilities (890 low, 91 moderate, 464 high)
  run `npm audit fix` to fix them, or `npm audit` for details

Showing logs for build [32mentando-app-builder-pr-1077-pr-rzsmx-6[0m stage [32mfrom-build-pack[0m and container [32mstep-build-npm-test[0m

> app-builder@6.3.2 precommit /workspace/source
> npm run lint && npm run sass-lint && npm run coverage


> app-builder@6.3.2 lint /workspace/source
> eslint ./src


/workspace/source/src/state/component-repository/components/actions.js
  344:86  error  Trailing spaces not allowed  no-trailing-spaces

/workspace/source/src/ui/fragments/list/FragmentSearchForm.js
  55:5  warning  Unexpected console statement  no-console
  57:5  warning  Unexpected console statement  no-console
  59:5  warning  Unexpected console statement  no-console
  87:5  warning  Unexpected console statement  no-console
  88:5  warning  Unexpected console statement  no-console

âœ– 6 problems (1 error, 5 warnings)
  1 error, 0 warnings potentially fixable with the `--fix` option.

npm ERR! code ELIFECYCLE
npm ERR! errno 1
npm ERR! app-builder@6.3.2 lint: `eslint ./src`
npm ERR! Exit status 1
npm ERR! 
npm ERR! Failed at the app-builder@6.3.2 lint script.
npm ERR! This is probably not a problem with npm. There is likely additional logging output above.

npm ERR! A complete log of this run can be found in:
npm ERR!     /tekton/home/.npm/_logs/2021-05-25T23_34_21_699Z-debug.log
npm ERR! code ELIFECYCLE
npm ERR! errno 1
npm ERR! app-builder@6.3.2 precommit: `npm run lint && npm run sass-lint && npm run coverage`
npm ERR! Exit status 1
npm ERR! 
npm ERR! Failed at the app-builder@6.3.2 precommit script.
npm ERR! This is probably not a problem with npm. There is likely additional logging output above.

npm ERR! A complete log of this run can be found in:
npm ERR!     /tekton/home/.npm/_logs/2021-05-25T23_34_21_715Z-debug.log
[31m
Pipeline failed on stage 'from-build-pack' : container 'step-build-npm-test'. The execution of the pipeline has stopped.[0m
